<?xml version="1.0" encoding="UTF-8"?>
<!-- Generated by org.testng.reporters.JUnitReportReporter -->
<testsuite hostname="KIT1199" failures="0" tests="1" name="tests.Twotest" time="0.013" errors="0" timestamp="2022-08-15T23:07:23 IST" skipped="0">
  <testcase classname="tests.Twotest" name="testtwo" time="0.013"/>
  <system-out/>
</testsuite> <!-- tests.Twotest -->
