<?xml version="1.0" encoding="UTF-8"?>
<!-- Generated by org.testng.reporters.JUnitReportReporter -->
<testsuite hostname="KIT1199" failures="0" tests="2" name="tests.LoginTest" time="32.479" errors="0" timestamp="2022-08-23T22:18:08 IST" skipped="0">
  <testcase classname="tests.LoginTest" name="login" time="10.905"/>
  <system-out/>
  <testcase classname="tests.LoginTest" name="login" time="21.574"/>
  <system-out/>
</testsuite> <!-- tests.LoginTest -->
